Arguments: 
  C:\Program Files\nodejs\node.exe C:\Program Files (x86)\Yarn\bin\yarn.js publish

PATH: 
  C:\Python310\Scripts\;C:\Python310\;C:\Program Files (x86)\Common Files\Oracle\Java\javapath;C:\Python39\Scripts\;C:\Python39\;C:\Windows\system32;C:\Windows;C:\Windows\System32\Wbem;C:\Windows\System32\WindowsPowerShell\v1.0\;C:\Windows\System32\OpenSSH\;C:\Program Files (x86)\NVIDIA Corporation\PhysX\Common;C:\ProgramData\chocolatey\bin;C:\Program Files (x86)\Intel\Intel(R) Management Engine Components\DAL;C:\Program Files\Intel\Intel(R) Management Engine Components\DAL;C:\Program Files\Git\cmd;C:\Program Files\NVIDIA Corporation\NVIDIA NvDLISR;C:\Program Files\dotnet\;C:\Program Files (x86)\Yarn\bin\;C:\Users\Desouky\AppData\Roaming\nvm;C:\Program Files\nodejs;C:\Python27;C:\Python27\Scripts;C:\Program Files\Docker\Docker\resources\bin;C:\ProgramData\DockerDesktop\version-bin;C:\Windows\System32\sonar-scanner-4.7.0.2747-windows\bin\;C:\Users\Desouky\AppData\Local\Microsoft\WindowsApps;C:\Users\Desouky\AppData\Local\Programs\Microsoft VS Code\bin;C:\Users\Desouky\AppData\Local\GitHubDesktop\bin;D:\flutter-sdk\flutter\bin;D:\AndroidSdk\Android\Sdk\tools;D:\AndroidSdk\Android\Sdk\platform-tools;C:\Users\Desouky\AppData\Local\Yarn\bin;D:\Programs\Sounds;C:\Users\Desouky\AppData\Roaming\npm;C:\Users\Desouky\AppData\Roaming\nvm;C:\Program Files\nodejs;C:\Program Files\heroku\bin;C:\Python310;C:\Python27;C:\Program Files\JetBrains\WebStorm 2022.1\bin;;C:\sonar-scanner-4.7.0.2747-windows\bin\sonar-scanner.bat;

Yarn version: 
  1.22.15

Node version: 
  16.14.0

Platform: 
  win32 x64

Trace: 
  Error: canceled
      at Interface.<anonymous> (C:\Program Files (x86)\Yarn\lib\cli.js:137145:13)
      at Interface.emit (node:events:520:28)
      at Interface._ttyWrite (node:readline:1081:16)
      at ReadStream.onkeypress (node:readline:288:10)
      at ReadStream.emit (node:events:520:28)
      at emitKeys (node:internal/readline/utils:358:14)
      at emitKeys.next (<anonymous>)
      at ReadStream.onData (node:internal/readline/emitKeypressEvents:61:36)
      at ReadStream.emit (node:events:520:28)
      at addChunk (node:internal/streams/readable:315:12)

npm manifest: 
  {
    "name": "@ed-glam/admin-theme",
    "version": "1.0.0",
    "description": "",
    "main": "dist/cjs/index.js",
    "module": "dist/esm/index.js",
    "scripts": {
      "build": "node ../../build.js --path ed-admin-theme",
      "build:publish": "npm run build && npm pack && npm publish"
    },
    "author": "desouky",
    "license": "ISC",
    "peerDependencies": {
      "react": "^17.0.2",
      "react-dom": "^17.0.2"
    },
    "publishConfig": {
      "access": "public",
      "registry": "https://npm.pkg.github.com"
    }
  }

yarn manifest: 
  No manifest

Lockfile: 
  No lockfile
